# JRE version: Java(TM) SE Runtime Environment (19.0+36) (build 19+36-2238)
# Java VM: Java HotSpot(TM) 64-Bit Server VM (19+36-2238, mixed mode, sharing, tiered, compressed oops, compressed class ptrs, g1 gc, windows-amd64)
GC Precious Log:
 CardTable entry size: 512
 Card Set container configuration: InlinePtr #cards 5 size 8 Array Of Cards #cards 12 size 40 Howl #buckets 4 coarsen threshold 1843 Howl Bitmap #cards 512 size 80 coarsen threshold 460 Card regions per heap region 1 cards per card region 2048
 CPUs: 12 total, 12 available
 Memory: 5989M
 Large Page Support: Disabled
 NUMA Support: Disabled
 Compressed Oops: Enabled (32-bit)
 Heap Region Size: 1M
 Heap Min Capacity: 8M
 Heap Initial Capacity: 94M
 Heap Max Capacity: 2G
 Pre-touch: Disabled
 Parallel Workers: 10
 Concurrent Workers: 3
 Concurrent Refinement Workers: 10
 Periodic GC: Disabled
Heap:
 garbage-first heap   total 404480K, used 237801K [0x0000000080000000, 0x0000000100000000)
  region size 1024K, 10 young (10240K), 10 survivors (10240K)
 Metaspace       used 168518K, committed 171072K, reserved 1245184K
  class space    used 20952K, committed 22272K, reserved 1048576K
GC Heap History (20 events):
Event: 31.068 GC heap after
{Heap after GC invocations=46 (full 0):
 garbage-first heap   total 292864K, used 185639K [0x0000000080000000, 0x0000000100000000)
  region size 1024K, 9 young (9216K), 9 survivors (9216K)
 Metaspace       used 155725K, committed 158208K, reserved 1245184K
  class space    used 19626K, committed 20928K, reserved 1048576K
}
Event: 31.875 GC heap before
{Heap before GC invocations=46 (full 0):
 garbage-first heap   total 292864K, used 247079K [0x0000000080000000, 0x0000000100000000)
  region size 1024K, 69 young (70656K), 9 survivors (9216K)
 Metaspace       used 158711K, committed 161216K, reserved 1245184K
  class space    used 20057K, committed 21376K, reserved 1048576K
}
Event: 31.889 GC heap after
{Heap after GC invocations=47 (full 0):
 garbage-first heap   total 292864K, used 189652K [0x0000000080000000, 0x0000000100000000)
  region size 1024K, 9 young (9216K), 9 survivors (9216K)
 Metaspace       used 158711K, committed 161216K, reserved 1245184K
  class space    used 20057K, committed 21376K, reserved 1048576K
}
Event: 32.811 GC heap before
{Heap before GC invocations=47 (full 0):
 garbage-first heap   total 292864K, used 248020K [0x0000000080000000, 0x0000000100000000)
  region size 1024K, 67 young (68608K), 9 survivors (9216K)
 Metaspace       used 163567K, committed 166144K, reserved 1245184K
  class space    used 20694K, committed 22016K, reserved 1048576K
}
Event: 32.820 GC heap after
{Heap after GC invocations=48 (full 0):
 garbage-first heap   total 292864K, used 191917K [0x0000000080000000, 0x0000000100000000)
  region size 1024K, 6 young (6144K), 6 survivors (6144K)
 Metaspace       used 163567K, committed 166144K, reserved 1245184K
  class space    used 20694K, committed 22016K, reserved 1048576K
}
Event: 40.047 GC heap before
{Heap before GC invocations=48 (full 0):
 garbage-first heap   total 292864K, used 250285K [0x0000000080000000, 0x0000000100000000)
  region size 1024K, 64 young (65536K), 6 survivors (6144K)
 Metaspace       used 166962K, committed 169472K, reserved 1245184K
  class space    used 20923K, committed 22272K, reserved 1048576K
}
Event: 40.057 GC heap after
{Heap after GC invocations=49 (full 0):
 garbage-first heap   total 292864K, used 193886K [0x0000000080000000, 0x0000000100000000)
  region size 1024K, 5 young (5120K), 5 survivors (5120K)
 Metaspace       used 166962K, committed 169472K, reserved 1245184K
  class space    used 20923K, committed 22272K, reserved 1048576K
}
Event: 41.066 GC heap before
{Heap before GC invocations=49 (full 0):
 garbage-first heap   total 292864K, used 254302K [0x0000000080000000, 0x0000000100000000)
  region size 1024K, 61 young (62464K), 5 survivors (5120K)
 Metaspace       used 167397K, committed 169984K, reserved 1245184K
  class space    used 20936K, committed 22272K, reserved 1048576K
}
Event: 41.076 GC heap after
{Heap after GC invocations=50 (full 0):
 garbage-first heap   total 292864K, used 206518K [0x0000000080000000, 0x0000000100000000)
  region size 1024K, 8 young (8192K), 8 survivors (8192K)
 Metaspace       used 167397K, committed 169984K, reserved 1245184K
  class space    used 20936K, committed 22272K, reserved 1048576K
}
Event: 41.284 GC heap before
{Heap before GC invocations=50 (full 0):
 garbage-first heap   total 292864K, used 257718K [0x0000000080000000, 0x0000000100000000)
  region size 1024K, 51 young (52224K), 8 survivors (8192K)
 Metaspace       used 167627K, committed 170176K, reserved 1245184K
  class space    used 20951K, committed 22272K, reserved 1048576K
}
Event: 41.302 GC heap after
{Heap after GC invocations=51 (full 0):
 garbage-first heap   total 292864K, used 221052K [0x0000000080000000, 0x0000000100000000)
  region size 1024K, 7 young (7168K), 7 survivors (7168K)
 Metaspace       used 167627K, committed 170176K, reserved 1245184K
  class space    used 20951K, committed 22272K, reserved 1048576K
}
Event: 41.444 GC heap before
{Heap before GC invocations=51 (full 0):
 garbage-first heap   total 292864K, used 247676K [0x0000000080000000, 0x0000000100000000)
  region size 1024K, 33 young (33792K), 7 survivors (7168K)
 Metaspace       used 167629K, committed 170176K, reserved 1245184K
  class space    used 20951K, committed 22272K, reserved 1048576K
}
Event: 41.457 GC heap after
{Heap after GC invocations=52 (full 0):
 garbage-first heap   total 292864K, used 230400K [0x0000000080000000, 0x0000000100000000)
  region size 1024K, 5 young (5120K), 5 survivors (5120K)
 Metaspace       used 167629K, committed 170176K, reserved 1245184K
  class space    used 20951K, committed 22272K, reserved 1048576K
}
Event: 41.780 GC heap before
{Heap before GC invocations=52 (full 0):
 garbage-first heap   total 404480K, used 242688K [0x0000000080000000, 0x0000000100000000)
  region size 1024K, 23 young (23552K), 5 survivors (5120K)
 Metaspace       used 167653K, committed 170176K, reserved 1245184K
  class space    used 20950K, committed 22272K, reserved 1048576K
}
Event: 41.790 GC heap after
{Heap after GC invocations=53 (full 0):
 garbage-first heap   total 404480K, used 232061K [0x0000000080000000, 0x0000000100000000)
  region size 1024K, 3 young (3072K), 3 survivors (3072K)
 Metaspace       used 167653K, committed 170176K, reserved 1245184K
  class space    used 20950K, committed 22272K, reserved 1048576K
}
Event: 42.273 GC heap before
{Heap before GC invocations=54 (full 0):
 garbage-first heap   total 404480K, used 311933K [0x0000000080000000, 0x0000000100000000)
  region size 1024K, 73 young (74752K), 3 survivors (3072K)
 Metaspace       used 167797K, committed 170368K, reserved 1245184K
  class space    used 20951K, committed 22272K, reserved 1048576K
}
Event: 42.286 GC heap after
{Heap after GC invocations=55 (full 0):
 garbage-first heap   total 404480K, used 248136K [0x0000000080000000, 0x0000000100000000)
  region size 1024K, 10 young (10240K), 10 survivors (10240K)
 Metaspace       used 167797K, committed 170368K, reserved 1245184K
  class space    used 20951K, committed 22272K, reserved 1048576K
}
Event: 42.320 GC heap before
{Heap before GC invocations=55 (full 0):
 garbage-first heap   total 404480K, used 257352K [0x0000000080000000, 0x0000000100000000)
  region size 1024K, 19 young (19456K), 10 survivors (10240K)
 Metaspace       used 167799K, committed 170368K, reserved 1245184K
  class space    used 20951K, committed 22272K, reserved 1048576K
}
Event: 42.335 GC heap after
{Heap after GC invocations=56 (full 0):
 garbage-first heap   total 404480K, used 227422K [0x0000000080000000, 0x0000000100000000)
  region size 1024K, 2 young (2048K), 2 survivors (2048K)
 Metaspace       used 167799K, committed 170368K, reserved 1245184K
  class space    used 20951K, committed 22272K, reserved 1048576K
}
Event: 43.245 GC heap before
{Heap before GC invocations=56 (full 0):
 garbage-first heap   total 404480K, used 305246K [0x0000000080000000, 0x0000000100000000)
  region size 1024K, 79 young (80896K), 2 survivors (2048K)
 Metaspace       used 168518K, committed 171072K, reserved 1245184K
  class space    used 20952K, committed 22272K, reserved 1048576K
}

